#0
0 2 2:0.9978882670402527
1 9 9:0.9957483410835266
2 8 8:0.6853341460227966
3 7 7:0.9887008666992188
4 11 17:0.6763626933097839
5 18 18:0.9999314546585083
6 10 10:0.9871074557304382
7 0 5:0.6100746393203735
8 8 8:0.982109546661377
9 1 1:0.9988478422164917
10 0 0:0.9998540878295898
11 18 18:0.2675299048423767
12 12 16:0.9981651902198792
13 8 8:0.9984629154205322
14 12 10:0.42795220017433167
15 5 5:0.4354003965854645
0 15 7:0.7862768173217773
1 19 19:0.9994350075721741
2 3 3:0.9998562335968018
3 4 2:0.4847182631492615
4 17 17:0.6456098556518555
5 19 17:0.4643504023551941
6 12 12:0.7492905855178833
7 5 5:0.8954087495803833
8 4 4:0.9975123405456543
9 13 14:0.1919189691543579
10 19 19:0.9999203681945801
11 12 2:0.2818489074707031
12 18 18:0.9851816296577454
13 11 7:0.26688456535339355
14 13 19:0.9996297359466553
15 5 5:0.9943608641624451
0 19 19:0.9996104836463928
1 8 14:0.9960916638374329
2 1 1:0.7736645340919495
3 15 15:0.9999443292617798
4 18 18:0.999969482421875
5 18 11:0.9909043908119202
6 6 5:0.6775723099708557
7 17 17:0.9999880790710449
8 0 0:0.9999839067459106
9 12 12:0.8006194233894348
10 10 10:0.9992934465408325
11 10 10:0.9996494054794312
12 9 9:0.9906491637229919
13 17 17:0.9938305020332336
14 7 2:0.6772197484970093
15 13 13:0.9972196817398071
0 16 16:0.9897710084915161
1 14 14:0.9886584877967834
2 14 7:0.9760451316833496
3 5 5:0.9999421834945679
4 2 3:0.47555750608444214
5 14 14:0.9997478127479553
6 3 3:0.999291181564331
7 14 15:0.9233317375183105
8 9 7:0.40250107645988464
9 18 11:0.8612809777259827
10 18 18:0.6794716715812683
11 16 16:0.9993013143539429
12 17 17:0.9999945163726807
13 7 2:0.33821621537208557
14 7 7:0.9986816048622131
15 19 19:0.9999582767486572
0 16 16:0.9924220442771912
1 8 8:0.6929093599319458
2 18 5:0.915307879447937
3 0 0:0.9962400197982788
4 8 2:0.9277687668800354
5 11 11:0.9730802774429321
6 9 9:0.6355261206626892
7 19 19:0.9998464584350586
8 12 12:0.8334426879882812
9 15 15:0.9991369843482971
10 8 14:0.9986492991447449
11 14 14:0.9834414720535278
12 0 16:0.19500741362571716
13 12 19:0.5789798498153687
14 8 1:0.9574201703071594
15 10 10:0.9897133111953735
0 9 9:0.9745081663131714
1 7 7:0.9988481998443604
2 3 3:0.9994743466377258
3 6 11:0.9756076335906982
4 1 14:0.9488076567649841
5 9 1:0.30083972215652466
6 17 17:0.9999862909317017
7 18 18:0.999101996421814
8 3 3:0.999887228012085
9 6 6:0.9957625269889832
10 9 9:0.13488943874835968
11 16 16:0.9997990727424622
12 13 13:0.9978135824203491
13 17 17:0.9999483823776245
14 15 15:0.9994140863418579
15 18 2:0.18636707961559296
0 18 18:0.8025516867637634
1 2 4:0.9018230438232422
2 7 2:0.8414099216461182
3 2 2:0.9986559152603149
4 1 1:0.9849047660827637
5 8 8:0.9998637437820435
6 19 19:0.9999619722366333
7 13 13:0.9975390434265137
8 16 16:0.9999443292617798
9 9 9:0.45945751667022705
10 19 19:0.9999562501907349
11 19 18:0.3732837438583374
12 11 10:0.7111416459083557
13 12 4:0.8541996479034424
14 1 15:0.43170854449272156
15 4 4:0.9915392994880676
0 0 5:0.999405026435852
1 14 5:0.11315251886844635
2 4 5:0.12868249416351318
3 6 18:0.5960924625396729
4 19 19:0.9999510049819946
5 15 15:0.555330753326416
6 2 12:0.25077342987060547
7 5 5:0.9999103546142578
8 8 8:0.870492160320282
9 17 17:0.9958569407463074
10 5 5:0.9997038245201111
11 0 0:0.999840259552002
12 8 7:0.9487252831459045
13 15 19:0.6749229431152344
14 5 5:0.9998335838317871
15 14 14:0.9997966885566711
0 18 18:0.7870830297470093
1 6 14:0.5732064843177795
2 15 15:0.9984484910964966
3 13 13:0.9980328679084778
4 10 10:0.9994856119155884
5 1 1:0.9980981945991516
6 7 7:0.9969003200531006
7 18 18:0.9991453886032104
8 18 18:0.9872332811355591
9 1 1:0.9952636957168579
10 11 17:0.7976613640785217
11 11 11:0.7705236077308655
12 13 13:0.9964912533760071
13 2 1:0.8137629628181458
14 9 19:0.8074355721473694
15 4 4:0.9963487386703491
0 8 8:0.999473512172699
1 10 10:0.998807430267334
2 11 11:0.13841496407985687
3 2 2:0.9991840720176697
4 6 6:0.9993380904197693
5 5 5:0.5968539714813232
6 15 15:0.9998131394386292
7 9 2:0.183949276804924
8 10 10:0.999483585357666
9 7 15:0.7670576572418213
10 9 9:0.33172422647476196
11 0 0:0.999249279499054
12 19 19:0.9997689127922058
13 2 2:0.9974127411842346
14 6 6:0.7720344066619873
15 19 19:0.9999920129776001
0 12 6:0.5155709981918335
1 12 12:0.6812762022018433
2 2 2:0.9299511909484863
3 9 9:0.9997984766960144
4 2 2:0.997300922870636
5 16 16:0.9999064207077026
6 6 3:0.9996434450149536
7 2 17:0.5521396398544312
8 8 8:0.9984310269355774
9 18 18:0.9882103204727173
10 11 19:0.7500259280204773
11 13 5:0.35526394844055176
12 10 10:0.9994150400161743
13 16 16:0.9997957348823547
14 3 3:0.9999675750732422
15 9 9:0.9988347887992859
0 14 14:0.9978833794593811
1 1 14:0.9995137453079224
2 7 5:0.5947349667549133
3 10 13:0.9268388748168945
4 11 6:0.5419161319732666
5 18 18:0.9999881982803345
6 1 1:0.9918591380119324
7 2 2:0.9917038679122925
8 6 10:0.9350598454475403
9 3 3:0.9301310181617737
10 10 10:0.9984038472175598
11 15 15:0.9998378753662109
12 14 1:0.9059996604919434
13 2 2:0.9992037415504456
14 7 11:0.2021637111902237
15 2 1:0.9715689420700073
0 19 5:0.3346517086029053
1 14 14:0.9985812902450562
2 1 11:0.11618071049451828
3 14 10:0.9022907614707947
4 12 12:0.9991045594215393
5 9 1:0.5499477386474609
6 16 16:0.9999752044677734
7 18 18:0.9999867677688599
8 14 14:0.7113439440727234
9 17 17:0.9973986148834229
10 7 7:0.9803621768951416
11 14 14:0.9988093376159668
12 16 5:0.6885403990745544
13 6 6:0.9767391681671143
14 11 11:0.46201425790786743
15 2 2:0.5428869128227234
0 8 8:0.9996858835220337
1 11 6:0.7791087627410889
2 8 8:0.9901617765426636
3 3 3:0.9997910857200623
4 12 9:0.28909608721733093
5 5 13:0.9600809216499329
6 18 18:0.9999597072601318
7 18 18:0.9997001886367798
8 16 16:0.9917667508125305
9 12 5:0.3780725300312042
10 16 16:0.9997419714927673
11 15 7:0.989841639995575
12 3 3:0.9980923533439636
13 7 7:0.9984281063079834
14 3 3:0.9998457431793213
15 1 4:0.9997904896736145
0 19 19:0.9986984729766846
1 19 19:0.9999803304672241
2 12 12:0.9973700046539307
3 17 17:0.9999973773956299
4 5 5:0.999982476234436
5 17 17:0.9999974966049194
6 2 2:0.9983527660369873
7 3 17:0.2802295684814453
8 11 11:0.9522626996040344
9 8 8:0.9511801600456238
10 5 5:0.9999438524246216
11 14 14:0.8068865537643433
12 16 16:0.9992114305496216
13 4 4:0.9946854114532471
14 19 19:0.9998683929443359
15 0 0:0.3855797350406647
0 6 19:0.9004459977149963
1 8 15:0.44054025411605835
2 5 13:0.7448726296424866
3 9 10:0.9495874643325806
4 14 14:0.9988890290260315
5 11 11:0.9998230338096619
6 9 6:0.6650506258010864
7 9 9:0.9333979487419128
8 5 5:0.6917515397071838
9 2 2:0.996886670589447
10 5 5:0.9998549222946167
11 2 8:0.27037864923477173
12 12 12:0.9900688529014587
13 13 7:0.30839696526527405
14 0 0:0.999954104423523
15 7 14:0.31600940227508545
0 4 16:0.9991193413734436
1 17 17:0.9999969005584717
2 14 14:0.6869781613349915
3 4 4:0.9984444975852966
4 7 7:0.9994814991950989
5 0 18:0.9539113640785217
6 16 10:0.6165712475776672
7 4 4:0.9964516162872314
8 7 7:0.9989446997642517
9 6 1:0.8329609632492065
10 9 3:0.451996386051178
11 6 6:0.9992735981941223
12 17 17:0.998908519744873
13 3 3:0.9998873472213745
14 15 15:0.9997875094413757
15 10 13:0.8242436051368713
0 18 18:0.9999768733978271
1 16 16:0.9998272061347961
2 2 2:0.874026894569397
3 17 17:0.9998173117637634
4 9 2:0.27639684081077576
5 11 11:0.9840266704559326
6 11 11:0.9874096512794495
7 5 5:0.9994521737098694
8 1 1:0.999337375164032
9 2 2:0.9991199374198914
10 3 3:0.9998530149459839
11 12 12:0.9996802806854248
12 17 17:0.9993754029273987
13 2 18:0.9880484938621521
14 14 14:0.903388261795044
15 4 17:0.9173282384872437
0 15 15:0.9999415874481201
1 4 13:0.8138421773910522
2 1 1:0.9986391663551331
3 15 2:0.9547893404960632
4 7 7:0.9662386775016785
5 10 10:0.9992493987083435
6 16 16:0.9969096779823303
7 4 4:0.8205413818359375
8 18 17:0.5183941721916199
9 2 2:0.9994714856147766
10 11 11:0.9939625859260559
11 6 15:0.1483541876077652
12 0 0:0.9997836947441101
13 1 1:0.9993894100189209
14 1 1:0.9984416365623474
15 17 17:0.9999923706054688
0 16 16:0.9959219694137573
1 16 16:0.8297439813613892
2 19 19:0.9995672106742859
3 5 5:0.9836628437042236
4 1 1:0.9899104237556458
5 3 3:0.9999302625656128
6 17 17:0.999997615814209
7 1 1:0.9951748847961426
8 7 7:0.9376764297485352
9 15 15:0.9997301697731018
10 16 16:0.9995703101158142
11 17 17:0.9999737739562988
12 7 5:0.21335482597351074
13 14 14:0.6824072599411011
14 9 9:0.9828172922134399
15 6 6:0.8768347501754761
0 19 19:0.9992691874504089
1 10 10:0.9997648596763611
2 2 11:0.6553040146827698
3 13 13:0.9969459176063538
4 1 1:0.9966475367546082
5 1 15:0.2599017918109894
6 3 3:0.9999125003814697
7 16 16:0.522276759147644
8 18 18:0.9997743964195251
9 16 16:0.913360595703125
10 11 11:0.9992769360542297
11 8 8:0.9999490976333618
12 14 14:0.991034209728241
13 15 19:0.9277706146240234
14 3 3:0.9970681071281433
15 6 6:0.9845150709152222
0 15 15:0.31123021245002747
1 10 10:0.9995847344398499
2 5 5:0.9118771553039551
3 17 17:0.9999932050704956
4 9 9:0.8389184474945068
5 19 19:0.9967653751373291
6 9 9:0.9983989596366882
7 19 19:0.9967169165611267
8 17 17:0.9999954700469971
9 19 19:0.9999750852584839
10 17 19:0.4294482171535492
11 1 1:0.9977770447731018
12 16 16:0.9260485768318176
13 8 8:0.5409568548202515
14 8 1:0.9076198935508728
15 3 3:0.9993957281112671
0 17 17:0.9999946355819702
1 5 5:0.9999212026596069
2 1 1:0.9255562424659729
3 8 8:0.9998759031295776
4 5 5:0.9999781847000122
5 6 8:0.5451468229293823
6 19 19:0.9218575954437256
7 15 1:0.8400028944015503
8 6 6:0.9917797446250916
9 9 9:0.9855696558952332
10 7 1:0.48349201679229736
11 12 12:0.9825317859649658
12 10 10:0.9936083555221558
13 9 0:0.20368818938732147
14 11 11:0.999756395816803
15 3 3:0.9996525049209595
0 14 15:0.19492997229099274
1 14 14:0.9991738200187683
2 11 11:0.9893684983253479
3 1 1:0.9981926083564758
4 5 5:0.9997283816337585
5 2 2:0.817776083946228
6 8 1:0.8036273121833801
7 6 3:0.7098048329353333
8 11 11:0.9723644852638245
9 16 16:0.998251736164093
10 8 8:0.9997720122337341
11 5 5:0.9999150037765503
12 1 1:0.9827895164489746
13 17 17:0.9999738931655884
14 16 2:0.179910808801651
15 10 10:0.9753488898277283
0 9 2:0.35859256982803345
1 6 6:0.9991025924682617
2 12 12:0.9930689334869385
3 12 12:0.7681227326393127
4 10 10:0.9990191459655762
5 7 7:0.998324453830719
6 15 15:0.9998505115509033
7 16 16:0.9998087286949158
8 2 2:0.9991993308067322
9 16 2:0.9356546401977539
10 18 3:0.34602630138397217
11 3 3:0.9996421337127686
12 16 16:0.999891996383667
13 14 14:0.9975003600120544
14 7 2:0.5727542638778687
15 5 5:0.9992382526397705
0 7 7:0.9981502294540405
1 19 19:0.9828133583068848
2 2 2:0.9957257509231567
3 8 2:0.17513254284858704
4 1 8:0.993767261505127
5 1 1:0.998513400554657
6 19 19:0.9999890327453613
7 10 10:0.9971446394920349
8 19 19:0.9960601925849915
9 7 17:0.47595101594924927
10 16 16:0.9994408488273621
11 0 0:0.9893888831138611
12 13 19:0.543982744216919
13 7 7:0.9962154030799866
14 17 17:0.999996542930603
15 16 16:0.9988771080970764
0 9 9:0.9991281628608704
1 10 10:0.9041005373001099
2 9 9:0.9974045157432556
3 17 17:0.999757707118988
4 17 17:0.9999842643737793
5 9 9:0.9996881484985352
6 7 7:0.9030441045761108
7 17 17:0.9999916553497314
8 17 7:0.3408322334289551
9 11 19:0.9345733523368835
10 3 3:0.9979259967803955
11 5 5:0.9999392032623291
12 7 7:0.9962994456291199
13 9 9:0.9976733326911926
14 4 17:0.1695951372385025
15 1 1:0.9962557554244995
0 6 11:0.44865429401397705
1 7 7:0.9992745518684387
2 2 7:0.26192089915275574
3 18 18:0.9998413324356079
4 1 1:0.7252566814422607
5 11 6:0.2574937045574188
6 8 8:0.9995311498641968
7 14 2:0.9994183778762817
8 1 1:0.9991762042045593
9 7 7:0.9991649389266968
10 11 11:0.9999074935913086
11 0 5:0.30966368317604065
12 6 6:0.999574601650238
13 19 19:0.9999736547470093
14 3 3:0.9972532391548157
15 2 2:0.991104245185852
0 5 5:0.999944806098938
1 7 7:0.9990367889404297
2 15 15:0.7033522725105286
3 19 19:0.9999508857727051
4 8 8:0.7940825819969177
5 4 4:0.9990279674530029
6 18 18:0.999962568283081
7 17 17:0.9999299049377441
8 14 14:0.9995852112770081
9 5 5:0.9999438524246216
10 17 17:0.9999922513961792
11 16 16:0.9933750033378601
12 1 1:0.9985502362251282
13 5 5:0.999980092048645
14 0 0:0.5083593726158142
15 11 11:0.9991693496704102
0 8 8:0.9991592168807983
1 16 16:0.9990848302841187
2 4 4:0.9983280301094055
3 18 18:0.9997653365135193
4 1 6:0.32905879616737366
5 18 6:0.5228621363639832
6 12 12:0.9989896416664124
7 14 14:0.8641936182975769
8 17 17:0.9999940395355225
9 11 17:0.9926328063011169
10 2 2:0.9982097148895264
11 8 15:0.9930412769317627
12 6 4:0.8939195275306702
13 7 7:0.9994996786117554
14 9 5:0.3219776749610901
15 12 11:0.5882354974746704
0 5 5:0.9994484782218933
1 17 17:0.9999969005584717
2 3 3:0.9622408747673035
3 10 10:0.9990394711494446
4 11 11:0.998731791973114
5 13 13:0.9966822266578674
6 11 11:0.9996325969696045
7 1 2:0.5227475762367249
8 4 4:0.9984309077262878
9 1 8:0.9951096177101135
10 12 2:0.201060950756073
11 12 7:0.3283541202545166
12 10 10:0.9988471269607544
13 12 6:0.14437589049339294
14 1 1:0.9828417897224426
15 18 18:0.9999765157699585
0 14 14:0.9994128942489624
1 9 9:0.6569594144821167
2 12 5:0.983679473400116
3 5 5:0.8468765020370483
4 19 19:0.9997075200080872
5 2 2:0.07428932189941406
6 19 19:0.9999822378158569
7 18 18:0.9996564388275146
8 6 2:0.13702794909477234
9 5 5:0.997803270816803
10 1 1:0.9963274598121643
11 16 2:0.26115289330482483
12 4 4:0.9995009899139404
13 18 17:0.6001834273338318
14 1 1:0.999244213104248
15 11 11:0.9755683541297913
0 16 6:0.7738075256347656
1 14 2:0.3000997304916382
2 14 14:0.9938295483589172
3 3 17:0.5851025581359863
4 17 17:0.9995481371879578
5 13 18:0.17032490670681
6 1 1:0.9984084963798523
7 13 4:0.6437795758247375
8 4 6:0.2585415840148926
9 10 10:0.9976606369018555
10 13 13:0.9933445453643799
11 0 0:0.987031877040863
12 3 3:0.9565407633781433
13 3 3:0.9984240531921387
14 18 18:0.999950647354126
15 8 14:0.1503152698278427
0 13 13:0.23885789513587952
1 14 14:0.9997537732124329
2 11 11:0.9816157221794128
3 14 14:0.9919592142105103
4 14 16:0.9977645874023438
5 0 0:0.9999716281890869
6 18 18:0.9999804496765137
7 15 15:0.6632286310195923
8 5 5:0.99998939037323
9 3 3:0.9884799122810364
10 8 8:0.9996868371963501
11 0 0:0.9995995163917542
12 18 7:0.5647182464599609
13 2 2:0.9539840817451477
14 12 12:0.9963712692260742
15 10 10:0.9978126287460327
0 3 10:0.9087535738945007
1 18 18:0.7986080050468445
2 17 17:0.9986283779144287
3 4 7:0.5959150791168213
4 1 8:0.9937031865119934
5 12 3:0.6445020437240601
6 12 6:0.6345481872558594
7 2 2:0.985127866268158
8 5 5:0.999953031539917
9 17 17:0.9999419450759888
10 0 0:0.9999598264694214
11 5 5:0.999984860420227
12 18 18:0.9999638795852661
13 2 6:0.4127521216869354
14 14 14:0.9960975050926208
15 17 17:0.9998494386672974
0 0 0:0.999953031539917
1 2 2:0.9849315881729126
2 14 14:0.9993647933006287
3 12 13:0.46014687418937683
4 15 15:0.9996706247329712
5 15 15:0.9813840389251709
6 13 13:0.9882367253303528
7 12 12:0.9866734743118286
8 19 19:0.6216463446617126
9 17 17:0.9785847067832947
10 8 8:0.9997017979621887
11 16 16:0.9988822340965271
12 1 14:0.9807275533676147
13 6 6:0.9414001703262329
14 2 2:0.9979579448699951
15 0 0:0.9999611377716064
0 17 17:0.9999969005584717
1 18 18:0.9999316930770874
2 1 1:0.998946487903595
3 19 19:0.999284565448761
4 14 1:0.22621729969978333
5 15 15:0.9999220371246338
6 10 1:0.6139931082725525
7 8 1:0.6767299175262451
8 16 16:0.999916672706604
9 4 4:0.9991674423217773
10 19 19:0.9995632767677307
11 3 3:0.5740205645561218
12 5 5:0.999991774559021
13 17 17:0.9999949932098389
14 9 9:0.9993948936462402
15 4 4:0.9853727221488953
0 0 0:0.9983094930648804
1 5 5:0.9999657869338989
2 14 10:0.9538692831993103
3 3 3:0.999907374382019
4 8 8:0.6578299403190613
5 5 5:0.9998654127120972
6 6 6:0.35174840688705444
7 18 2:0.1205398291349411
8 14 14:0.9988985061645508
9 15 1:0.8414007425308228
10 3 3:0.999572217464447
11 16 16:0.9976661205291748
12 1 1:0.9992057681083679
13 15 15:0.9994763731956482
14 3 3:0.9997261166572571
15 19 19:0.9999661445617676
0 5 17:0.9560960531234741
1 0 0:0.9999721050262451
2 2 2:0.9966583251953125
3 4 4:0.9994633793830872
4 7 7:0.8708756566047668
5 8 8:0.9923036098480225
6 19 19:0.9612781405448914
7 3 3:0.8776181936264038
8 18 18:0.999980092048645
9 1 1:0.9465921521186829
10 2 2:0.9953363537788391
11 10 10:0.9967043995857239
12 14 1:0.10239732265472412
13 10 10:0.9976757168769836
14 5 5:0.999990701675415
15 12 12:0.9990600943565369
0 6 6:0.3347519636154175
1 13 13:0.9975430965423584
2 5 5:0.9711451530456543
3 4 4:0.9978888630867004
4 12 12:0.9999128580093384
5 10 10:0.9995474219322205
6 2 2:0.9984815716743469
7 11 2:0.12331325560808182
8 11 11:0.9940170049667358
9 18 18:0.9999476671218872
10 0 0:0.9959283471107483
11 18 18:0.7047632336616516
12 13 13:0.9934052228927612
13 5 5:0.9999020099639893
14 12 1:0.7790600657463074
15 14 14:0.9997114539146423
0 11 11:0.9642083644866943
1 16 16:0.9997687935829163
2 10 10:0.9743995666503906
3 10 10:0.9448367357254028
4 7 7:0.9996500015258789
5 3 3:0.9938801527023315
6 16 16:0.9991322159767151
7 16 7:0.5306520462036133
8 6 3:0.9568387269973755
9 4 4:0.9970129728317261
10 7 7:0.999211311340332
11 3 16:0.9989726543426514
12 6 6:0.9977052807807922
13 2 2:0.9915263056755066
14 15 15:0.999839186668396
15 5 5:0.9977596998214722
0 7 7:0.9979446530342102
1 12 5:0.5795890688896179
2 18 19:0.9393836855888367
3 11 11:0.9995490908622742
4 8 8:0.8194230198860168
5 4 6:0.17744362354278564
6 19 19:0.9999818801879883
7 19 19:0.9999740123748779
8 8 8:0.9996024966239929
9 8 1:0.8503317832946777
10 3 3:0.9998304843902588
11 11 11:0.9993069171905518
12 12 6:0.4896347224712372
13 2 2:0.9985325336456299
14 15 7:0.995555579662323
15 12 5:0.9661372900009155
0 8 8:0.9998630285263062
1 11 11:0.9998905658721924
2 15 15:0.9999021291732788
3 4 14:0.22217391431331635
4 7 7:0.9934273958206177
5 14 14:0.9920614957809448
6 14 14:0.9992572665214539
7 7 7:0.9994739890098572
8 10 10:0.9987657070159912
9 12 12:0.3251911699771881
10 13 13:0.9862625598907471
11 0 0:0.9999359846115112
12 2 2:0.9923088550567627
13 16 16:0.9997139573097229
14 8 8:0.9998482465744019
15 8 8:0.9991858601570129
0 9 4:0.4044724106788635
1 13 12:0.8228930830955505
2 11 11:0.9981310963630676
3 15 15:0.9998821020126343
4 0 0:0.9957387447357178
5 2 2:0.9984051585197449
6 18 7:0.1614663153886795
7 10 10:0.24795469641685486
8 19 19:0.9997019171714783
9 13 13:0.9742722511291504
10 4 4:0.829807460308075
11 4 4:0.9983561635017395
12 14 14:0.9673896431922913
13 0 5:0.8243745565414429
14 3 3:0.9998849630355835
15 0 0:0.9996695518493652
0 17 17:0.9999936819076538
1 13 11:0.9777527451515198
2 13 13:0.9931035041809082
3 13 9:0.14135552942752838
4 5 13:0.9953656196594238
5 16 16:0.99983811378479
6 11 11:0.9968819618225098
7 5 5:0.9645101428031921
8 18 18:0.9505802989006042
9 1 1:0.6213251948356628
10 17 8:0.16863279044628143
11 11 14:0.8674525618553162
12 0 0:0.9994557499885559
13 2 2:0.9911419153213501
14 19 19:0.999988317489624
15 1 1:0.9983874559402466
0 15 15:0.9753015041351318
1 19 19:0.9995304346084595
2 5 19:0.4291002154350281
3 12 13:0.648408830165863
4 15 15:0.999890923500061
5 7 7:0.9969213008880615
6 7 7:0.9910367727279663
7 16 16:0.8339419364929199
8 7 7:0.9956473708152771
9 19 19:0.9962893724441528
10 15 7:0.999384880065918
11 4 2:0.28359365463256836
12 18 18:0.9914312362670898
13 0 0:0.9999130964279175
14 4 1:0.9797320365905762
15 15 15:0.9998753070831299
0 9 1:0.4552653729915619
1 17 17:0.9999765157699585
2 9 16:0.9931227564811707
3 18 18:0.9999344348907471
4 10 10:0.9982349872589111
5 9 9:0.9992033839225769
6 3 3:0.999062716960907
7 2 16:0.5594466924667358
8 0 0:0.9999816417694092
9 17 17:0.9999971389770508
10 5 5:0.6355910897254944
11 15 15:0.9995796084403992
12 7 6:0.8258351683616638
13 14 8:0.8804508447647095
14 10 10:0.9989184141159058
15 7 7:0.9478534460067749
0 16 16:0.9995917677879333
1 3 3:0.9988565444946289
2 11 11:0.5544747710227966
3 8 8:0.9999266862869263
4 6 6:0.8787502646446228
5 16 16:0.9999592304229736
6 17 17:0.9999594688415527
7 15 15:0.7038229703903198
8 13 5:0.27570840716362
9 5 5:0.9999608993530273
10 4 13:0.3456730842590332
11 4 4:0.7185007333755493
12 3 19:0.5821995139122009
13 10 10:0.998399555683136
14 2 2:0.9994730353355408
15 2 2:0.9847680926322937
0 16 16:0.9974246025085449
1 8 2:0.6699391603469849
2 8 8:0.9989218711853027
3 13 13:0.9321008920669556
4 17 17:0.9999908208847046
5 2 18:0.12953241169452667
6 9 9:0.9948897361755371
7 4 4:0.9171027541160583
8 2 14:0.7913920283317566
9 1 1:0.9861276149749756
10 13 13:0.8933523297309875
11 19 19:0.9991402626037598
12 5 5:0.7571240067481995
13 0 17:0.28775960206985474
14 19 19:0.9998403787612915
15 0 0:0.9566200375556946
0 8 8:0.999866247177124
1 4 4:0.68843674659729
2 3 3:0.9997914433479309
3 9 14:0.7903367877006531
4 14 14:0.9993066787719727
5 12 1:0.9942613840103149
6 8 1:0.9342317581176758
7 2 2:0.9978364109992981
8 15 15:0.9978553652763367
9 1 1:0.3221120536327362
10 4 10:0.6689311265945435
11 3 3:0.9978460073471069
12 18 18:0.9999598264694214
13 4 4:0.9677600264549255
14 3 3:0.9999310970306396
15 8 16:0.9993306398391724
0 3 10:0.9843525290489197
1 18 1:0.4624336361885071
2 12 11:0.15835459530353546
3 16 16:0.9954683780670166
4 0 0:0.9999370574951172
5 12 12:0.9997461438179016
6 0 0:0.9999330043792725
7 3 3:0.9998929500579834
8 0 0:0.8725706338882446
9 16 16:0.9992601275444031
10 1 1:0.9864513874053955
11 18 18:0.9993292093276978
12 19 19:0.9999881982803345
13 11 11:0.8628028035163879
14 1 1:0.9912452101707458
15 6 8:0.11015134304761887
0 12 12:0.9428072571754456
1 4 7:0.21671639382839203
2 7 7:0.9983643889427185
3 12 12:0.9998231530189514
4 13 5:0.6006929278373718
5 17 17:0.9999657869338989
6 15 15:0.9840255379676819
7 9 9:0.9464331269264221
8 19 19:0.9999480247497559
9 10 10:0.9977050423622131
10 12 12:0.9992533326148987
11 14 14:0.9927226901054382
12 11 11:0.9987267851829529
13 9 9:0.3111998438835144
14 17 17:0.99998939037323
15 4 4:0.999803364276886
0 10 10:0.986834704875946
1 12 16:0.23088698089122772
2 9 9:0.9984005093574524
3 7 7:0.9936442375183105
4 1 8:0.9400870203971863
5 4 2:0.3123626112937927
6 10 10:0.9992708563804626
7 15 15:0.9993769526481628
8 2 2:0.5464341640472412
9 1 1:0.9979982972145081
10 4 18:0.32569947838783264
11 16 16:0.7530591487884521
12 5 5:0.9999524354934692
13 3 3:0.9962726831436157
14 11 11:0.9994553923606873
15 16 6:0.44176408648490906
0 7 7:0.9895846247673035
1 9 9:0.9982054233551025
2 1 2:0.20148737728595734
3 7 4:0.9540299773216248
4 8 8:0.8210425972938538
5 17 17:0.9999935626983643
6 16 16:0.9997164607048035
7 12 12:0.9940458536148071
8 11 11:0.9996238946914673
9 11 2:0.3062361180782318
10 14 14:0.9975568056106567
11 11 11:0.961548388004303
12 9 9:0.9997105002403259
13 17 17:0.9999837875366211
14 19 19:0.999894380569458
15 6 0:0.23306585848331451
0 13 13:0.995134174823761
1 4 1:0.8142404556274414
2 17 17:0.9999123811721802
3 16 16:0.9998843669891357
4 5 5:0.8826111555099487
5 11 11:0.9941352605819702
6 15 15:0.9990226030349731
7 7 7:0.9267473816871643
8 8 8:0.9985460042953491
9 8 2:0.9923452734947205
10 1 12:0.19212891161441803
11 1 1:0.9716418981552124
12 11 11:0.9998998641967773
13 18 18:0.9999822378158569
14 14 6:0.8872959017753601
15 9 9:0.9952406883239746
0 0 0:0.9999771118164062
1 9 10:0.2427498698234558
2 2 1:0.19109301269054413
3 11 2:0.7122460603713989
4 3 3:0.9999351501464844
5 3 3:0.9975466132164001
6 16 3:0.2421603500843048
7 12 16:0.2585788071155548
8 5 5:0.9999709129333496
9 12 12:0.9949512481689453
10 19 6:0.2505936324596405
11 18 18:0.9960905909538269
12 5 5:0.9998399019241333
13 8 8:0.9999064207077026
14 8 8:0.9704462289810181
15 3 3:0.9998725652694702
0 7 7:0.9914982914924622
1 12 12:0.9871314167976379
2 16 16:0.9998090863227844
3 13 7:0.1928969770669937
4 4 4:0.9966892600059509
5 6 17:0.818810760974884
6 0 13:0.4294421672821045
7 16 16:0.9998303651809692
8 5 5:0.9895127415657043
9 7 8:0.5628122091293335
10 7 7:0.986140251159668
11 4 4:0.9859371781349182
12 10 10:0.9982526898384094
13 15 15:0.999902606010437
14 13 13:0.9970577955245972
15 4 4:0.9995854496955872
0 12 12:0.9960129261016846
1 6 6:0.9983569979667664
2 8 8:0.9996272325515747
3 15 1:0.9880486130714417
4 1 1:0.9916533827781677
5 5 5:0.9998995065689087
6 10 10:0.9810154438018799
7 16 1:0.3526531755924225
8 10 10:0.9379404187202454
9 15 10:0.628152072429657
10 7 7:0.9916433691978455
11 2 2:0.997066080570221
12 11 8:0.8828271627426147
13 2 2:0.6687322854995728
14 2 2:0.9786558151245117
15 9 3:0.9272278547286987
0 11 11:0.9993330836296082
1 8 8:0.9537122845649719
2 6 6:0.9987291693687439
3 14 14:0.9987565279006958
4 9 9:0.9990039467811584
5 11 5:0.5028637647628784
6 10 10:0.9685578942298889
7 11 3:0.9873790144920349
8 4 4:0.9995474219322205
9 16 16:0.9993973970413208
10 7 2:0.17477461695671082
11 17 17:0.9997113347053528
12 5 5:0.999687671661377
13 6 5:0.8603641986846924
14 3 3:0.8546199202537537
15 2 2:0.9967741370201111
0 9 7:0.8778089880943298
1 11 11:0.9997355341911316
2 17 17:0.9999924898147583
3 4 4:0.9993470311164856
4 12 7:0.5296131372451782
5 18 18:0.999778687953949
6 19 19:0.9998486042022705
7 8 8:0.9925181865692139
8 5 5:0.9998371601104736
9 11 11:0.9974110722541809
10 14 2:0.41265037655830383
11 19 19:0.9999656677246094
12 2 2:0.18837352097034454
13 5 5:0.9999688863754272
14 10 10:0.997312068939209
15 10 10:0.9985872507095337
0 3 3:0.9986353516578674
1 16 16:0.881335437297821
2 0 0:0.9999098777770996
3 14 7:0.15231402218341827
4 7 1:0.5457749962806702
5 10 10:0.9991851449012756
6 8 8:0.7013707160949707
7 15 6:0.6703875064849854
8 8 17:0.8385240435600281
9 12 7:0.9787485599517822
10 3 3:0.9994912147521973
11 4 4:0.9823400974273682
12 1 1:0.9961767196655273
13 15 15:0.9994515776634216
14 16 16:0.9999476671218872
15 1 14:0.9904086589813232
0 10 10:0.2356860637664795
1 9 2:0.8393760919570923
2 15 6:0.16698914766311646
3 16 8:0.27368900179862976
4 0 0:0.9992644190788269
5 7 1:0.8249728679656982
6 10 10:0.998047947883606
7 3 3:0.9998025298118591
8 12 4:0.9906901121139526
9 11 11:0.9755651950836182
10 12 12:0.9985055923461914
11 13 5:0.9967212080955505
12 4 4:0.7721771001815796
13 4 4:0.9952770471572876
14 11 11:0.9995204210281372
15 6 7:0.9720831513404846
0 19 19:0.9999780654907227
1 7 7:0.9934177398681641
2 1 1:0.7975665330886841
3 17 17:0.999994158744812
4 5 5:0.9997699856758118
5 11 16:0.860086977481842
6 14 9:0.284493088722229
7 10 9:0.11068139970302582
8 11 11:0.9990967512130737
9 15 15:0.9999428987503052
10 6 6:0.998028576374054
11 0 0:0.9052726030349731
12 7 7:0.982179582118988
13 2 14:0.9641874432563782
14 0 0:0.9994376301765442
15 10 10:0.9991499185562134
0 10 10:0.9993836879730225
1 3 15:0.20805247128009796
2 0 18:0.6088616251945496
3 7 7:0.9982972741127014
4 17 17:0.9999891519546509
5 1 1:0.9972327351570129
6 12 16:0.9741000533103943
7 5 5:0.9998083710670471
8 7 7:0.9892866015434265
9 9 9:0.9306811690330505
10 5 12:0.9916523098945618
11 7 7:0.99716717004776
12 4 18:0.6894848942756653
13 4 4:0.9991236329078674
14 17 17:0.7215137481689453
15 5 5:0.9999253749847412
0 6 6:0.9685949087142944
1 2 3:0.6062820553779602
2 4 4:0.9990943670272827
3 2 2:0.9964743256568909
4 16 16:0.9998430013656616
5 19 19:0.994533896446228
6 14 15:0.5071138143539429
7 12 12:0.9998477697372437
8 14 14:0.9987459182739258
9 3 3:0.9997232556343079
10 9 16:0.9990938901901245
11 7 7:0.998690664768219
12 18 7:0.39985349774360657
13 13 13:0.9952219128608704
14 12 2:0.49992120265960693
15 19 19:0.9991427659988403
0 8 7:0.9839608669281006
1 10 10:0.999090313911438
2 19 19:0.9887993931770325
3 15 15:0.6666027307510376
4 3 3:0.9886735081672668
5 9 9:0.9895200729370117
6 6 2:0.163998082280159
7 13 13:0.9985112547874451
8 0 0:0.9999721050262451
9 17 17:0.9999933242797852
10 4 17:0.48835116624832153
11 13 13:0.9929700493812561
12 17 17:0.999541163444519
13 18 18:0.9999768733978271
14 14 1:0.3527960777282715
15 15 14:0.9996649026870728
0 9 9:0.9825101494789124
1 15 11:0.9530051946640015
2 19 19:0.9993582367897034
3 19 19:0.9999758005142212
4 3 3:0.9998401403427124
5 1 5:0.7193933129310608
6 17 17:0.9999551773071289
7 12 12:0.9998146891593933
8 7 7:0.8930000066757202
9 5 17:0.536386251449585
10 11 11:0.997307538986206
11 14 14:0.9996688365936279
12 15 15:0.9275891780853271
13 18 18:0.9999843835830688
14 3 3:0.9998722076416016
15 15 15:0.9686550498008728
0 17 17:0.9999957084655762
1 11 11:0.9991840720176697
2 14 14:0.9990021586418152
3 13 13:0.9959961175918579
4 3 3:0.9991207718849182
5 12 19:0.35568615794181824
6 9 15:0.7225246429443359
7 8 8:0.6754240989685059
8 5 5:0.998180627822876
9 19 16:0.6052218079566956
10 4 4:0.9825196266174316
11 0 7:0.42062249779701233
12 8 17:0.8515341877937317
13 4 4:0.983810544013977
14 17 17:0.9999854564666748
15 19 19:0.9999387264251709
0 10 10:0.9301733374595642
1 5 5:0.9589952826499939
2 16 16:0.9998190999031067
3 14 14:0.9990547299385071
4 7 7:0.9979630708694458
5 11 2:0.24215100705623627
6 3 11:0.49694809317588806
7 6 6:0.9998148083686829
8 11 8:0.2771880030632019
9 17 17:0.9999922513961792
10 15 15:0.9996035695075989
11 2 2:0.9939970970153809
12 18 15:0.11024171859025955
13 16 16:0.9645955562591553
14 8 8:0.9998688697814941
15 14 14:0.5992138981819153
0 1 1:0.7747039198875427
1 8 8:0.39276182651519775
2 9 9:0.9580790996551514
3 19 19:0.9997280240058899
4 13 13:0.9980077147483826
5 4 4:0.9994487166404724
6 16 16:0.9999716281890869
7 15 17:0.21915501356124878
8 16 16:0.9999756813049316
9 6 6:0.7475624680519104
10 8 8:0.9994762539863586
11 6 3:0.40544772148132324
12 12 12:0.9999586343765259
13 18 18:0.9992788434028625
14 7 7:0.9864616990089417
15 17 17:0.9995971322059631
0 6 6:0.706689178943634
1 1 1:0.9161637425422668
2 12 6:0.890546977519989
3 5 9:0.6162323951721191
4 15 15:0.9998531341552734
5 3 3:0.9999352693557739
6 0 0:0.9761892557144165
7 19 15:0.9496598839759827
8 7 14:0.21766845881938934
9 15 15:0.9767881631851196
10 15 15:0.6535012722015381
11 13 13:0.9981762170791626
12 3 3:0.9998761415481567
13 12 12:0.7000036239624023
14 7 7:0.9987103939056396
15 8 17:0.2994173765182495
0 9 9:0.9951574206352234
1 5 5:0.9999624490737915
2 18 17:0.5283147692680359
3 19 19:0.9999650716781616
4 10 10:0.9982970356941223
5 18 18:0.9999798536300659
6 15 7:0.9599037170410156
7 9 9:0.09601564705371857
8 2 2:0.9984033703804016
9 7 2:0.7008853554725647
10 1 9:0.09941364079713821
11 1 1:0.981410026550293
12 14 14:0.9997521042823792
13 6 7:0.2033628523349762
14 8 2:0.20002144575119019
15 4 4:0.9951382279396057
0 9 9:0.9954097867012024
1 16 16:0.9998387098312378
2 7 7:0.9994981288909912
3 7 1:0.2695710062980652
4 17 17:0.9999901056289673
5 6 9:0.1880911886692047
6 3 3:0.9996271133422852
7 16 4:0.4637257754802704
8 16 16:0.9990440011024475
9 10 10:0.9995431900024414
10 4 2:0.9929739236831665
11 10 10:0.9983813762664795
12 3 3:0.9999426603317261
13 13 13:0.9680023789405823
14 1 1:0.9733304977416992
15 17 17:0.9999961853027344
0 4 4:0.9991369843482971
1 18 18:0.9999773502349854
2 2 2:0.9928526282310486
3 12 1:0.37124186754226685
4 5 15:0.27987444400787354
5 17 17:0.999981164932251
6 18 18:0.9999687671661377
7 6 6:0.9364520311355591
8 19 19:0.9999653100967407
9 12 11:0.3220863938331604
10 9 9:0.9849641919136047
11 10 10:0.9993982315063477
12 3 3:0.9995537400245667
13 15 15:0.9996918439865112
14 1 14:0.9946052432060242
15 10 10:0.99940025806427
0 19 19:0.9999717473983765
1 9 9:0.9990686774253845
2 6 7:0.9833304286003113
3 6 6:0.9727933406829834
4 19 19:0.9999725818634033
5 8 8:0.9985528588294983
6 17 17:0.9999929666519165
7 12 12:0.990291178226471
8 14 14:0.9994925260543823
9 14 2:0.9445875287055969
10 17 3:0.2578370273113251
11 2 2:0.9897806644439697
12 9 9:0.999743640422821
13 17 17:0.9999302625656128
14 14 14:0.9994908571243286
15 2 2:0.8438817262649536
0 14 14:0.9986703395843506
1 9 9:0.9994694590568542
2 16 9:0.7717834115028381
3 17 17:0.9999961853027344
4 13 13:0.9588652849197388
5 12 12:0.9888218641281128
6 19 19:0.9997640252113342
7 0 7:0.2821783423423767
8 15 2:0.20239171385765076
9 0 18:0.2932635247707367
10 5 5:0.9996247291564941
11 11 11:0.9833516478538513
12 9 9:0.9995450377464294
13 3 2:0.2389707863330841
14 12 12:0.3876681923866272
15 6 5:0.8119922876358032
0 9 9:0.9985170960426331
1 6 6:0.9976035952568054
2 1 6:0.4147765338420868
3 10 10:0.9996100068092346
4 0 0:0.9982792139053345
5 17 7:0.6946092247962952
6 3 13:0.15576009452342987
7 17 17:0.9999898672103882
8 15 15:0.9995763897895813
9 18 18:0.49163103103637695
10 13 5:0.9892129302024841
11 3 3:0.9997063279151917
12 12 4:0.2017964869737625
13 15 15:0.9994744658470154
14 9 9:0.9997155070304871
15 2 2:0.9946413040161133
0 18 12:0.7457838654518127
1 4 1:0.5441167950630188
2 0 0:0.9999125003814697
3 13 13:0.9936402440071106
4 4 8:0.15778300166130066
5 11 11:0.9960950016975403
6 14 14:0.9989266991615295
7 4 4:0.9599803686141968
8 7 7:0.9994242191314697
9 5 5:0.9998353719711304
10 10 10:0.9984086155891418
11 19 12:0.9851903319358826
12 6 6:0.32777851819992065
13 18 18:0.9999390840530396
14 4 4:0.9743200540542603
15 5 5:0.984210729598999
0 6 6:0.9995684027671814
1 16 16:0.9998250603675842
2 3 3:0.999376118183136
3 9 2:0.1764104813337326
4 0 0:0.9940405488014221
5 5 5:0.8369016051292419
6 7 7:0.9962921142578125
7 7 2:0.5395380258560181
8 0 0:0.40195712447166443
9 16 16:0.999747097492218
10 9 4:0.9878242015838623
11 8 14:0.9985697269439697
12 18 18:0.9996774196624756
13 1 7:0.998504638671875
14 14 14:0.9994799494743347
15 9 9:0.9932653903961182
0 2 2:0.976198136806488
1 4 4:0.9952406883239746
2 11 11:0.9995554089546204
3 17 17:0.9999953508377075
4 9 1:0.5700075030326843
5 16 16:0.9989677667617798
6 1 1:0.48310670256614685
7 17 2:0.5620886087417603
8 3 3:0.9998074173927307
9 12 12:0.9995695948600769
10 4 4:0.9973711967468262
11 3 3:0.9995139837265015
12 16 16:0.9999315738677979
13 12 12:0.9994626641273499
14 16 16:0.9997000694274902
15 1 1:0.9989135265350342
0 16 16:0.9999423027038574
1 4 4:0.9975038170814514
2 1 8:0.4373028874397278
3 13 13:0.996100664138794
4 9 9:0.9993690848350525
5 6 6:0.3585593104362488
6 2 2:0.9957455992698669
7 8 1:0.9360843896865845
8 7 7:0.9740322232246399
9 12 12:0.9972622394561768
10 0 19:0.6909050345420837
11 14 14:0.9983518123626709
12 16 16:0.7164369225502014
13 0 0:0.9677605032920837
14 2 10:0.16905400156974792
15 6 18:0.4354328513145447
0 2 2:0.981282114982605
1 3 3:0.9994707703590393
2 17 17:0.9991969466209412
3 14 14:0.6086688041687012
4 6 6:0.9989420771598816
5 10 10:0.9997583031654358
6 19 19:0.9999284744262695
7 5 5:0.52629554271698
8 10 10:0.9993446469306946
9 5 5:0.999445378780365
10 16 16:0.99956876039505
11 4 4:0.9958042502403259
12 11 11:0.9540309309959412
13 9 7:0.4592590928077698
14 10 10:0.9995951056480408
15 13 5:0.9950613379478455
0 16 13:0.23140543699264526
1 7 4:0.21434321999549866
2 2 2:0.9932439923286438
3 15 15:0.9990311861038208
4 9 9:0.9996108412742615
5 18 13:0.8193298578262329
6 7 7:0.8998519778251648
7 7 7:0.9997745156288147
8 8 8:0.9491298794746399
9 10 10:0.9752868413925171
10 18 7:0.7169576287269592
11 4 2:0.9995449185371399
12 3 3:0.9968642592430115
13 19 19:0.9997225403785706
14 0 17:0.19671928882598877
15 12 11:0.14408551156520844
0 2 2:0.9923630952835083
1 19 19:0.8391579389572144
2 16 16:0.9997089505195618
3 18 18:0.9999681711196899
4 16 16:0.9999295473098755
5 14 14:0.9977273344993591
6 15 15:0.9977288842201233
7 13 7:0.4672301411628723
8 3 3:0.9995198249816895
9 16 16:0.9982536435127258
10 17 14:0.3133232891559601
11 11 5:0.48275911808013916
12 5 5:0.8571929931640625
13 14 14:0.9977601766586304
14 10 10:0.9973790645599365
15 7 7:0.14760933816432953
0 15 15:0.9998694658279419
1 5 5:0.33928874135017395
2 6 6:0.9824529886245728
3 8 8:0.888937771320343
4 19 19:0.9999125003814697
5 18 18:0.9998670816421509
6 1 1:0.7667230367660522
7 0 0:0.9813900589942932
8 19 10:0.9922451376914978
9 12 12:0.9912960529327393
10 2 2:0.99872225522995
11 3 3:0.9999217987060547
12 7 14:0.666111409664154
13 0 0:0.9996005892753601
14 11 11:0.9898728132247925
15 6 6:0.9958502054214478
0 7 7:0.9980790615081787
1 12 17:0.47318294644355774
2 12 6:0.5936359763145447
3 3 3:0.984932005405426
4 18 18:0.9999809265136719
5 10 10:0.9587530493736267
6 13 5:0.9999382495880127
7 2 2:0.8803983330726624
8 8 2:0.18486309051513672
9 3 2:0.6334628462791443
10 9 9:0.9713885188102722
11 10 10:0.9495105743408203
12 11 11:0.9847395420074463
13 17 17:0.999987006187439
14 18 18:0.9999810457229614
15 7 7:0.9707550406455994
0 5 13:0.9898048639297485
1 9 9:0.9995538592338562
2 10 10:0.9983938336372375
3 2 2:0.9995309114456177
4 2 2:0.35577476024627686
5 4 4:0.9997431635856628
6 3 19:0.7912173867225647
7 13 18:0.37471532821655273
8 8 8:0.9925097227096558
9 15 7:0.3751344084739685
10 5 5:0.9999147653579712
11 2 2:0.9950991272926331
12 15 15:0.9922945499420166
13 7 19:0.3953082859516144
14 16 12:0.34296971559524536
15 5 5:0.9999585151672363
0 14 14:0.9997300505638123
1 1 1:0.9892424941062927
2 17 17:0.9999939203262329
3 18 18:0.9999749660491943
4 0 0:0.5075228810310364
5 11 11:0.9763310551643372
6 5 5:0.9999716281890869
7 2 14:0.9944082498550415
8 13 12:0.9905836582183838
9 1 1:0.7088858485221863
10 12 8:0.41440433263778687
11 4 4:0.9985479712486267
12 9 9:0.9991828799247742
13 1 0:0.18905074894428253
14 3 3:0.9993815422058105
15 4 4:0.7353270649909973
0 12 12:0.9806064963340759
1 6 6:0.9984143972396851
2 17 17:0.9999775886535645
3 14 14:0.8808145523071289
4 6 6:0.999659538269043
5 2 1:0.702583909034729
6 2 9:0.6924768090248108
7 12 1:0.18705183267593384
8 14 7:0.6690109968185425
9 19 19:0.999721109867096
10 15 8:0.8618391752243042
11 18 18:0.9997345805168152
12 15 1:0.24820798635482788
13 3 3:0.9981650710105896
14 18 18:0.999930739402771
15 9 9:0.819326639175415
0 4 4:0.9971959590911865
1 1 1:0.9960468411445618
2 13 19:0.6949087977409363
3 14 14:0.9989961981773376
4 8 8:0.8356215357780457
5 18 18:0.9998928308486938
6 17 17:0.9999923706054688
7 2 2:0.9938287138938904
8 2 8:0.11142664402723312
9 2 2:0.9954339861869812
10 4 4:0.9993273019790649
11 1 1:0.9961369633674622
12 7 7:0.9911443591117859
13 8 2:0.9484884142875671
14 16 16:0.9984379410743713
15 10 10:0.999309778213501
0 17 17:0.9999526739120483
1 2 2:0.9157816767692566
2 5 14:0.26982560753822327
3 12 12:0.9996490478515625
4 14 9:0.9117748141288757
5 11 11:0.9824053645133972
6 10 10:0.9983781576156616
7 16 16:0.9988044500350952
8 10 1:0.7981266975402832
9 13 13:0.9907804131507874
10 2 4:0.34103289246559143
11 1 2:0.6216329336166382
12 17 17:0.9999856948852539
13 18 18:0.9999885559082031
14 4 4:0.9824856519699097
15 8 8:0.9993176460266113
0 2 2:0.9996269941329956
1 6 6:0.999775230884552
2 0 5:0.9991983771324158
3 5 5:0.9813482761383057
4 0 0:0.9998082518577576
5 18 0:0.932147204875946
6 18 18:0.9999333620071411
7 6 6:0.999658465385437
8 8 9:0.4724729657173157
9 13 6:0.8846189379692078
10 15 15:0.9945141077041626
11 13 13:0.9978402853012085
12 9 9:0.999700665473938
13 18 18:0.9972286820411682
14 11 11:0.999546229839325
15 5 5:0.6386507749557495
0 19 19:0.9998693466186523
1 13 0:0.9996597766876221
2 7 7:0.999201238155365
3 3 3:0.999029278755188
4 5 5:0.9999582767486572
5 1 1:0.999607503414154
6 7 18:0.23181936144828796
7 0 0:0.999895453453064
8 1 1:0.9961875081062317
9 16 16:0.9227903485298157
10 11 11:0.9999597072601318
11 18 18:0.9994124174118042
12 14 14:0.9997860789299011
13 4 4:0.7101364731788635
14 3 3:0.9998440742492676
15 18 18:0.9999215602874756
0 7 7:0.6019227504730225
1 9 9:0.999384880065918
2 17 17:0.9998893737792969
3 11 11:0.9997300505638123
4 17 17:0.9999967813491821
5 14 2:0.3668087422847748
6 6 6:0.9995512366294861
7 7 17:0.22048214077949524
8 19 19:0.9999368190765381
9 3 3:0.9998379945755005
10 1 1:0.9588480591773987
11 6 6:0.994309663772583
12 14 7:0.14809918403625488
13 11 11:0.9999232292175293
14 5 5:0.972391664981842
15 19 19:0.999985933303833
0 0 0:0.9997299313545227
1 11 11:0.9982476234436035
2 4 4:0.99444180727005
3 4 2:0.5225175619125366
4 1 6:0.2109903246164322
5 6 6:0.9990457892417908
6 0 0:0.7308942079544067
7 19 19:0.9991323351860046
8 16 18:0.5836792588233948
9 5 12:0.2279304414987564
10 14 18:0.23586031794548035
11 11 13:0.9024249315261841
12 3 3:0.9992548823356628
13 5 5:0.9997199177742004
14 14 17:0.6624313592910767
15 9 9:0.9990443587303162
0 17 17:0.9999967813491821
1 3 11:0.3126757740974426
2 2 2:0.20782320201396942
3 9 9:0.998806357383728
4 18 18:0.9998794794082642
5 4 4:0.9975023865699768
6 6 16:0.4181459844112396
7 16 16:0.9999698400497437
8 9 18:0.5052025318145752
9 2 9:0.15873904526233673
10 14 1:0.9844314455986023
11 6 6:0.9997196793556213
12 11 11:0.9954580068588257
13 18 16:0.9413837194442749
14 7 7:0.9980841875076294
15 19 19:0.9999803304672241
0 16 1:0.49003806710243225
1 15 15:0.45290014147758484
2 10 10:0.9995027780532837
3 17 17:0.9999583959579468
4 14 14:0.9618262648582458
5 17 17:0.9999865293502808
6 5 5:0.5734569430351257
7 17 17:0.9999723434448242
8 7 6:0.4058040976524353
9 10 10:0.9987510442733765
10 4 4:0.9835411906242371
11 19 19:0.9999098777770996
12 5 5:0.15232668817043304
13 15 15:0.9994625449180603
14 16 4:0.6935790777206421
15 8 1:0.999473512172699
0 0 0:0.993656575679779
1 10 10:0.9989687204360962
2 8 14:0.5086873769760132
3 10 10:0.9985217452049255
4 8 8:0.9999462366104126
5 6 6:0.9939703941345215
6 17 2:0.30125775933265686
7 16 16:0.9999291896820068
8 12 12:0.9986421465873718
9 14 14:0.991028904914856
10 5 5:0.9997443556785583
11 10 10:0.9967459440231323
12 5 5:0.9997746348381042
13 2 2:0.9991499185562134
14 17 17:0.9999988079071045
15 14 12:0.14783720672130585
0 8 8:0.9990930557250977
1 14 14:0.9686880707740784
2 9 9:0.9977903366088867
3 7 7:0.31838297843933105
4 7 5:0.19233812391757965
5 4 4:0.9729462265968323
6 15 15:0.9998441934585571
7 8 8:0.9848255515098572
8 14 16:0.968762218952179
9 2 12:0.7915480136871338
10 9 3:0.8754222989082336
11 0 0:0.999951958656311
12 16 16:0.9760697484016418
13 1 1:0.9977802634239197
14 9 9:0.9988935589790344
15 5 5:0.9999120235443115
0 1 1:0.9885208606719971
1 8 8:0.9947665929794312
2 10 10:0.9995597004890442
3 8 8:0.9997497200965881
4 4 4:0.9660398364067078
5 15 15:0.9999080896377563
6 11 5:0.9953718781471252
7 2 1:0.1769087016582489
8 14 14:0.9986857771873474
9 10 10:0.99964439868927
10 7 7:0.9395658373832703
11 8 8:0.999472439289093
12 1 1:0.9988473653793335
13 4 0:0.16463705897331238
14 0 0:0.9996293783187866
15 15 15:0.9994031190872192
0 3 10:0.9781710505485535
1 12 12:0.9994699358940125
2 3 3:0.9962431192398071
3 18 18:0.9999856948852539
4 2 2:0.995186984539032
5 12 12:0.9997891783714294
6 19 19:0.9997212290763855
7 10 10:0.9990811347961426
8 16 16:0.9999175071716309
9 19 19:0.9998250603675842
10 3 3:0.9514918327331543
11 4 7:0.2657296061515808
12 16 16:0.9422954320907593
13 3 3:0.9974852800369263
14 18 18:0.9998072981834412
15 10 14:0.9935909509658813
0 4 4:0.9994578957557678
1 9 4:0.6746487617492676
2 12 14:0.15733745694160461
3 8 11:0.8161622881889343
4 16 16:0.9998297691345215
5 15 2:0.5805453062057495
6 11 11:0.6072223782539368
7 0 0:0.9998983144760132
8 5 5:0.9998999834060669
9 4 2:0.21218368411064148
10 8 8:0.999698281288147
11 14 15:0.970494270324707
12 16 16:0.5078202486038208
13 18 18:0.9999890327453613
14 1 7:0.9772214889526367
15 8 8:0.8515430688858032
0 5 5:0.9987566471099854
1 18 6:0.21502983570098877
2 8 8:0.7999783158302307
3 0 2:0.7864614129066467
4 14 7:0.8336140513420105
5 18 18:0.999607503414154
6 3 3:0.5767303705215454
7 6 6:0.9497864842414856
8 11 2:0.5284360647201538
9 18 1:0.23853017389774323
10 19 19:0.9999451637268066
11 7 7:0.998494029045105
12 4 4:0.9831100702285767
13 13 13:0.9775202870368958
14 9 9:0.8769634366035461
15 7 2:0.7479180693626404
0 9 9:0.298286497592926
1 8 8:0.9999208450317383
2 2 2:0.954508900642395
3 19 2:0.1412840336561203
4 11 11:0.998700737953186
5 11 11:0.9995452761650085
6 14 14:0.9975034594535828
7 19 17:0.45670953392982483
8 5 5:0.9999099969863892
9 0 0:0.9995614886283875
10 2 2:0.9988595247268677
11 12 12:0.9990621209144592
12 15 14:0.9981094598770142
13 7 7:0.9984183311462402
14 7 7:0.9959390163421631
15 10 1:0.4075973927974701
0 11 1:0.7066903710365295
1 6 6:0.9970423579216003
2 15 15:0.9999219179153442
3 9 9:0.9727554321289062
4 17 17:0.999887228012085
5 19 19:0.9988871216773987
6 8 8:0.9998377561569214
7 15 15:0.999359667301178
8 1 1:0.969287097454071
9 13 13:0.997708797454834
10 10 10:0.9908173084259033
11 11 11:0.9997983574867249
12 13 13:0.9971613883972168
13 1 9:0.24894677102565765
14 0 0:0.9976179003715515
15 11 11:0.7214417457580566
0 2 8:0.9788915514945984
1 3 11:0.5541352033615112
2 1 1:0.9993034601211548
3 4 4:0.9986569881439209
4 6 6:0.9995065927505493
5 0 5:0.6498206257820129
6 19 19:0.956376850605011
7 7 14:0.9684606790542603
8 0 1:0.4239886999130249
9 1 1:0.9990791082382202
10 15 6:0.45046699047088623
11 8 8:0.9991803765296936
12 1 1:0.7318344712257385
13 18 1:0.3222982883453369
14 9 2:0.21612712740898132
15 2 2:0.999294638633728
0 8 8:0.9764817357063293
1 1 1:0.9985681772232056
2 3 3:0.9997032284736633
3 3 3:0.9999035596847534
4 1 1:0.7818852066993713
5 6 18:0.7849138379096985
6 1 6:0.5590445399284363
7 19 19:0.9994792342185974
8 16 16:0.9992382526397705
9 3 19:0.9891858100891113
10 18 1:0.247349351644516
11 9 15:0.15280590951442719
12 19 19:0.9351574182510376
13 12 12:0.9930961728096008
14 13 13:0.9787517189979553
15 11 11:0.42549705505371094
0 0 4:0.2897445559501648
1 19 19:0.9931568503379822
2 3 3:0.7928733229637146
3 12 12:0.999171257019043
4 4 2:0.11371761560440063
5 10 10:0.9953052997589111
6 15 15:0.9999337196350098
7 13 2:0.8710579872131348
8 7 7:0.9906841516494751
9 2 2:0.997270405292511
10 7 7:0.9991098046302795
11 8 8:0.9994321465492249
12 4 4:0.9996650218963623
13 15 2:0.17370571196079254
14 10 10:0.9991599321365356
15 17 17:0.999996542930603
0 13 13:0.9967554211616516
1 17 19:0.20294754207134247
2 10 10:0.9975175857543945
3 15 15:0.9998687505722046
4 14 14:0.23699356615543365
5 14 14:0.9433975219726562
6 19 19:0.9994978904724121
7 17 17:0.999996542930603
8 13 13:0.9969537258148193
9 18 18:0.999866247177124
10 19 12:0.8724411725997925
11 6 6:0.9992793202400208
12 9 9:0.9992881417274475
13 11 11:0.32382795214653015
14 18 1:0.23746325075626373
15 16 16:0.9999631643295288
0 10 10:0.9992291927337646
1 19 19:0.9996317625045776
2 14 14:0.9946836829185486
3 9 9:0.9997079968452454
4 1 1:0.997248113155365
5 14 14:0.9921757578849792
6 2 2:0.9959350824356079
7 10 10:0.9980977177619934
8 4 4:0.9978209733963013
9 7 4:0.4257994592189789
10 18 18:0.9815444946289062
11 16 16:0.9998438358306885
12 19 19:0.9869707822799683
13 17 17:0.9999910593032837
14 15 2:0.21910251677036285
15 8 9:0.792838454246521
0 7 2:0.9992899894714355
1 15 15:0.9998020529747009
2 3 3:0.9988898634910583
3 16 16:0.9996492862701416
4 10 16:0.49271437525749207
5 6 7:0.47879254817962646
6 9 9:0.9983580708503723
7 0 2:0.13562987744808197
8 17 17:0.9771447777748108
9 17 0:0.1577139049768448
10 10 10:0.23530787229537964
11 17 10:0.7385640740394592
12 10 10:0.9991819262504578
13 11 11:0.9959024786949158
14 3 3:0.9997715353965759
15 3 10:0.9419454336166382
0 9 9:0.9992806315422058
1 15 2:0.3429422974586487
2 13 13:0.9957311749458313
3 5 2:0.16902583837509155
4 5 12:0.41214561462402344
5 8 8:0.998206377029419
6 10 10:0.942632257938385
7 0 0:0.999414324760437
8 11 8:0.2794867753982544
9 14 14:0.8547194600105286
10 10 10:0.9993492960929871
11 9 6:0.26763200759887695
12 11 11:0.9914517998695374
13 19 1:0.2546752393245697
14 5 1:0.40365928411483765
15 1 1:0.9975258708000183
0 4 8:0.9844467043876648
1 17 17:0.9999686479568481
2 14 14:0.9985733032226562
3 8 8:0.8455078601837158
4 0 0:0.9999593496322632
5 10 10:0.9928963780403137
6 12 12:0.9996566772460938
7 15 15:0.997454822063446
8 5 5:0.9967060685157776
9 12 1:0.38376352190971375
10 16 16:0.9994884729385376
11 18 18:0.9993815422058105
12 12 3:0.85455721616745
13 17 17:0.9999182224273682
14 4 4:0.2760355770587921
15 5 19:0.9421876072883606
0 13 17:0.1855068802833557
1 15 15:0.9924746155738831
2 15 8:0.13666869699954987
3 19 19:0.9998658895492554
4 0 0:0.9878906011581421
5 10 10:0.9977147579193115
6 14 14:0.6013196706771851
7 4 4:0.9990384578704834
8 14 14:0.9997410178184509
9 1 1:0.9910014271736145
10 4 4:0.974457323551178
11 5 5:0.9999810457229614
12 6 18:0.272992879152298
13 18 18:0.6433380246162415
14 11 11:0.77968430519104
15 17 17:0.9999924898147583
0 18 18:0.9997231364250183
1 0 0:0.9999297857284546
2 15 15:0.8484869599342346
3 14 14:0.999754011631012
4 11 11:0.9381095170974731
5 3 16:0.9986675977706909
6 11 2:0.2510627210140228
7 10 19:0.24079006910324097
8 0 0:0.9999285936355591
9 6 6:0.9983024597167969
10 15 15:0.9995697140693665
11 12 12:0.996032178401947
12 9 9:0.9994198083877563
13 10 10:0.9982732534408569
14 18 18:0.999862790107727
15 15 15:0.9704447388648987
0 11 11:0.7475463151931763
1 15 15:0.9971345663070679
2 18 0:0.826346218585968
3 11 16:0.8719542622566223
4 5 5:0.9972087740898132
5 8 8:0.9880593419075012
6 19 19:0.9999697208404541
7 15 10:0.9515494704246521
8 0 0:0.999806821346283
9 14 14:0.9996665716171265
10 16 16:0.9999518394470215
11 6 6:0.3295917809009552
12 3 3:0.9995953440666199
13 4 19:0.7696532607078552
14 4 4:0.8886529207229614
15 4 8:0.23399224877357483
0 4 4:0.9998133778572083
1 15 14:0.3869922459125519
2 15 15:0.9997921586036682
3 16 16:0.9999634027481079
4 10 10:0.9801105260848999
5 11 11:0.9987350106239319
6 4 4:0.99915611743927
7 1 1:0.9081997871398926
8 18 5:0.2282789796590805
9 1 1:0.974915623664856
10 10 2:0.34664931893348694
11 9 0:0.596659779548645
12 9 9:0.998930037021637
13 15 4:0.2961011528968811
14 10 10:0.9987873435020447
15 14 14:0.9997492432594299
0 19 19:0.997738242149353
1 10 10:0.9899761080741882
2 15 14:0.6095936298370361
3 2 2:0.999494194984436
4 12 12:0.6494827270507812
5 9 1:0.4010152220726013
6 11 11:0.7199466824531555
7 15 15:0.999506950378418
8 1 8:0.7401071786880493
9 3 2:0.40262746810913086
10 17 17:0.9999433755874634
11 8 8:0.9827533960342407
12 11 11:0.9998985528945923
13 6 18:0.6469613313674927
14 15 17:0.933966338634491
15 10 10:0.995613694190979
0 5 5:0.9999620914459229
1 1 8:0.9954113364219666
2 3 3:0.9999121427536011
3 10 10:0.9989022016525269
